Base path: C:/Program Files/Unity/Hub/Editor/2018.4.9f1/Editor/Data
Cmd: initializeCompiler
Cmd: preprocessCompute
  insize=2585 outsize=2584 ok=1
Cmd: initializeCompiler
Cmd: initializeCompiler
Cmd: preprocessCompute
  insize=2568 outsize=2567 ok=1
Cmd: preprocessCompute
  insize=2614 outsize=2613 ok=1
Cmd: preprocessCompute
  insize=2617 outsize=2616 ok=1
Cmd: initializeCompiler
Cmd: preprocessCompute
  insize=2617 outsize=2616 ok=1
Cmd: initializeCompiler
Cmd: preprocessCompute
  insize=2619 outsize=2618 ok=1
Cmd: preprocessCompute
  insize=2582 outsize=2581 ok=1
Cmd: preprocessCompute
  insize=2581 outsize=2580 ok=1
Cmd: initializeCompiler
Cmd: preprocessCompute
  insize=2585 outsize=2584 ok=1
Cmd: preprocessCompute
  insize=2582 outsize=2581 ok=1
Cmd: preprocessCompute
  insize=2581 outsize=2580 ok=1
Cmd: disassembleShader
  api=4 insize=2224 outsize=3534 ok=1
Cmd: initializeCompiler
Cmd: initializeCompiler
Cmd: preprocessCompute
  insize=2430 outsize=2429 ok=1
Cmd: preprocessCompute
  insize=2402 outsize=2401 ok=1
Cmd: initializeCompiler
Cmd: initializeCompiler
Cmd: initializeCompiler
Cmd: preprocessCompute
  insize=2122 outsize=2121 ok=1
Cmd: initializeCompiler
Cmd: preprocessCompute
  insize=2136 outsize=2135 ok=1
Cmd: preprocessCompute
  insize=2114 outsize=2113 ok=1
Cmd: initializeCompiler
Cmd: preprocessCompute
  insize=2100 outsize=2099 ok=1
Cmd: initializeCompiler
Cmd: preprocessCompute
  insize=2120 outsize=2119 ok=1
Cmd: initializeCompiler
Cmd: initializeCompiler
Cmd: initializeCompiler
Cmd: initializeCompiler
Cmd: initializeCompiler
Cmd: initializeCompiler
Cmd: initializeCompiler
Cmd: initializeCompiler
Cmd: initializeCompiler
Cmd: initializeCompiler
Cmd: initializeCompiler
Cmd: initializeCompiler
Cmd: initializeCompiler
Cmd: initializeCompiler
Cmd: preprocessCompute
  insize=2020 outsize=2019 ok=1
Cmd: initializeCompiler
Cmd: initializeCompiler
Cmd: initializeCompiler
Cmd: initializeCompiler
